<?xml version="1.0" encoding="UTF-8"?>
<!-- Generated by org.testng.reporters.JUnitReportReporter -->
<testsuite skipped="0" hostname="Latitude" name="core.AmazonTestNG" tests="1" failures="0" timestamp="22 Dec 2017 03:46:56 GMT" time="7.361" errors="0">
  <testcase name="register" time="7.361" classname="core.AmazonTestNG"/>
</testsuite> <!-- core.AmazonTestNG -->
